This is pdfeTeX, Version 3.141592-1.21a-2.2 (Web2C 7.5.4) (format=pdflatex 2009.8.18)  13 JAN 2012 16:11
entering extended mode
**madlib_the_sql.tex
(./madlib_the_sql.tex
LaTeX2e <2003/12/01>
Babel <v3.8d> and hyphenation patterns for american, french, german, ngerman, b
ahasa, basque, bulgarian, catalan, croatian, czech, danish, dutch, esperanto, e
stonian, finnish, greek, icelandic, irish, italian, latin, magyar, norsk, polis
h, portuges, romanian, russian, serbian, slovak, slovene, spanish, swedish, tur
kish, ukrainian, nohyphenation, loaded.
(./vldb.cls
(/afs/cs.wisc.edu/s/tetex-3.0/i386_tao10/share/texmf/tex/latex/geometry/geometr
y.sty
Package: geometry 2002/07/08 v3.2 Page Geometry

(/afs/cs.wisc.edu/s/tetex-3.0/i386_tao10/share/texmf/tex/latex/graphics/keyval.
sty
Package: keyval 1999/03/16 v1.13 key=value parser (DPC)
\KV@toks@=\toks14
)
\Gm@cnth=\count79
\Gm@cntv=\count80
\c@Gm@tempcnt=\count81
\Gm@bindingoffset=\dimen102
\Gm@wd@mp=\dimen103
\Gm@odd@mp=\dimen104
\Gm@even@mp=\dimen105
\Gm@dimlist=\toks15

(/afs/cs.wisc.edu/s/tetex-3.0/i386_tao10/share/texmf/tex/latex/geometry/geometr
y.cfg))
(/afs/cs.wisc.edu/s/tetex-3.0/i386_tao10/share/texmf/tex/latex/graphics/epsfig.
sty
Package: epsfig 1999/02/16 v1.7a (e)psfig emulation (SPQR)

(/afs/cs.wisc.edu/s/tetex-3.0/i386_tao10/share/texmf/tex/latex/graphics/graphic
x.sty
Package: graphicx 1999/02/16 v1.0f Enhanced LaTeX Graphics (DPC,SPQR)

(/afs/cs.wisc.edu/s/tetex-3.0/i386_tao10/share/texmf/tex/latex/graphics/graphic
s.sty
Package: graphics 2001/07/07 v1.0n Standard LaTeX Graphics (DPC,SPQR)

(/afs/cs.wisc.edu/s/tetex-3.0/i386_tao10/share/texmf/tex/latex/graphics/trig.st
y
Package: trig 1999/03/16 v1.09 sin cos tan (DPC)
)
(/afs/cs.wisc.edu/s/tetex-3.0/i386_tao10/share/texmf/tex/latex/graphics/graphic
s.cfg
File: graphics.cfg 2005/02/03 v1.3 graphics configuration of teTeX/TeXLive
)
Package graphics Info: Driver file: pdftex.def on input line 80.

(/afs/cs.wisc.edu/s/tetex-3.0/i386_tao10/share/texmf/tex/latex/graphics/pdftex.
def
File: pdftex.def 2002/06/19 v0.03k graphics/color for pdftex
\Gread@gobject=\count82
))
\Gin@req@height=\dimen106
\Gin@req@width=\dimen107
)
\epsfxsize=\dimen108
\epsfysize=\dimen109
)
(/afs/cs.wisc.edu/s/tetex-3.0/i386_tao10/share/texmf/tex/latex/amsfonts/amssymb
.sty
Package: amssymb 2002/01/22 v2.2d

(/afs/cs.wisc.edu/s/tetex-3.0/i386_tao10/share/texmf/tex/latex/amsfonts/amsfont
s.sty
Package: amsfonts 2001/10/25 v2.2f
\@emptytoks=\toks16
\symAMSa=\mathgroup4
\symAMSb=\mathgroup5
LaTeX Font Info:    Overwriting math alphabet `\mathfrak' in version `bold'
(Font)                  U/euf/m/n --> U/euf/b/n on input line 132.
))
(/afs/cs.wisc.edu/s/tetex-3.0/i386_tao10/share/texmf/tex/latex/amsmath/amsmath.
sty
Package: amsmath 2000/07/18 v2.13 AMS math features
\@mathmargin=\skip41

For additional information on amsmath, use the `?' option.

(/afs/cs.wisc.edu/s/tetex-3.0/i386_tao10/share/texmf/tex/latex/amsmath/amstext.
sty
Package: amstext 2000/06/29 v2.01

(/afs/cs.wisc.edu/s/tetex-3.0/i386_tao10/share/texmf/tex/latex/amsmath/amsgen.s
ty
File: amsgen.sty 1999/11/30 v2.0
\@emptytoks=\toks17
\ex@=\dimen110
))
(/afs/cs.wisc.edu/s/tetex-3.0/i386_tao10/share/texmf/tex/latex/amsmath/amsbsy.s
ty
Package: amsbsy 1999/11/29 v1.2d
\pmbraise@=\dimen111
)
(/afs/cs.wisc.edu/s/tetex-3.0/i386_tao10/share/texmf/tex/latex/amsmath/amsopn.s
ty
Package: amsopn 1999/12/14 v2.01 operator names
)
\inf@bad=\count83
LaTeX Info: Redefining \frac on input line 211.
\uproot@=\count84
\leftroot@=\count85
LaTeX Info: Redefining \overline on input line 307.
\classnum@=\count86
\DOTSCASE@=\count87
LaTeX Info: Redefining \ldots on input line 379.
LaTeX Info: Redefining \dots on input line 382.
LaTeX Info: Redefining \cdots on input line 467.
\Mathstrutbox@=\box26
\strutbox@=\box27
\big@size=\dimen112
LaTeX Font Info:    Redeclaring font encoding OML on input line 567.
LaTeX Font Info:    Redeclaring font encoding OMS on input line 568.
\macc@depth=\count88
\c@MaxMatrixCols=\count89
\dotsspace@=\muskip10
\c@parentequation=\count90
\dspbrk@lvl=\count91
\tag@help=\toks18
\row@=\count92
\column@=\count93
\maxfields@=\count94
\andhelp@=\toks19
\eqnshift@=\dimen113
\alignsep@=\dimen114
\tagshift@=\dimen115
\tagwidth@=\dimen116
\totwidth@=\dimen117
\lineht@=\dimen118
\@envbody=\toks20
\multlinegap=\skip42
\multlinetaggap=\skip43
\mathdisplay@stack=\toks21
LaTeX Info: Redefining \[ on input line 2666.
LaTeX Info: Redefining \] on input line 2667.
)
Document Class 'vldb' - based on 'sig-alternate' <26th. July '05>. Modified by 
G.K.M. Tobin/Gerry Murray
Based in part upon document Style `acmconf' <22 May 89>. Hacked 4/91 by
shivers@cs.cmu.edu, 4/93 by theobald@cs.mcgill.ca
Excerpts were taken from (Journal Style) 'esub2acm.cls'.
****** Bugs/comments/suggestions/technicalities to Gerry Murray -- murray@hq.ac
m.org ******
Questions on the style, SIGS policies, etc. to Adrienne Griscti griscti@acm.org

\footheight=\dimen119
\@maxsep=\dimen120
\@dblmaxsep=\dimen121
\aucount=\count95
\originalaucount=\count96
\auwidth=\dimen122
\auskip=\dimen123
\auskipcount=\count97
\auskip=\dimen124
\allauboxes=\dimen125
\addauthors=\toks22
\addauflag=\count98
\subtitletext=\toks23
\savesection=\count99
\sectioncntr=\count100
\c@figure=\count101
\c@table=\count102
\titleboxnotes=\toks24
\titleboxnoteflag=\count103
Document Class: vldb 2010/10/19 - V1.8b - based on sig-alternate V1.8 - based o
n acmproc.cls V1.3 <Nov. 30 '99>

(/afs/cs.wisc.edu/s/tetex-3.0/i386_tao10/share/texmf/tex/latex/base/latexsym.st
y
Package: latexsym 1998/08/17 v2.2e Standard LaTeX package (lasy symbols)
\symlasy=\mathgroup6
LaTeX Font Info:    Overwriting symbol font `lasy' in version `bold'
(Font)                  U/lasy/m/n --> U/lasy/b/n on input line 47.
)
\@acmtitlebox=\box28
\titlenotecount=\count104
\tntoks=\toks25
\tntokstwo=\toks26
\tntoksthree=\toks27
\tntoksfour=\toks28
\tntoksfive=\toks29
\catcount=\count105
\copyrightnotice=\toks30
\conf=\toks31
\confinfo=\toks32
\c@part=\count106
\c@section=\count107
\c@subsection=\count108
\c@subsubsection=\count109
\c@paragraph=\count110

Using 'Abbrev' bibliography style
\bibindent=\dimen126
\colcntr=\count111
\savebox=\box29
\copyrtyr=\toks33
\acmcopyr=\toks34
\boilerplate=\toks35
\copyrightetc=\toks36
)
(/afs/cs.wisc.edu/s/tetex-3.0/i386_tao10/share/texmf/tex/latex/preprint/balance
.sty
Package: balance 1999/02/23 4.3 (PWD)
\oldvsize=\dimen127
)
(/afs/cs.wisc.edu/s/tetex-3.0/i386_tao10/share/texmf/tex/latex/base/alltt.sty
Package: alltt 1997/06/16 v2.0g defines alltt environment
)
(/afs/cs.wisc.edu/s/tetex-3.0/i386_tao10/share/texmf/tex/latex/algorithms/algor
ithm.sty
Package: algorithm 

Document Style `algorithm' - floating environment
(/afs/cs.wisc.edu/s/tetex-3.0/i386_tao10/share/texmf/tex/latex/float/float.sty
Package: float 2001/11/08 v1.3d Float enhancements (AL)
\c@float@type=\count112
\float@exts=\toks37
\float@box=\box30
\@float@everytoks=\toks38
\@floatcapt=\box31
) (/afs/cs.wisc.edu/s/tetex-3.0/i386_tao10/share/texmf/tex/latex/base/ifthen.st
y
Package: ifthen 2001/05/26 v1.1c Standard LaTeX ifthen package (DPC)
)
\@float@every@algorithm=\toks39
\c@algorithm=\count113
) (./madlib_the_sql.aux)
\openout1 = `madlib_the_sql.aux'.

LaTeX Font Info:    Checking defaults for OML/cmm/m/it on input line 12.
LaTeX Font Info:    ... okay on input line 12.
LaTeX Font Info:    Checking defaults for T1/cmr/m/n on input line 12.
LaTeX Font Info:    ... okay on input line 12.
LaTeX Font Info:    Checking defaults for OT1/cmr/m/n on input line 12.
LaTeX Font Info:    ... okay on input line 12.
LaTeX Font Info:    Checking defaults for OMS/cmsy/m/n on input line 12.
LaTeX Font Info:    ... okay on input line 12.
LaTeX Font Info:    Checking defaults for OMX/cmex/m/n on input line 12.
LaTeX Font Info:    ... okay on input line 12.
LaTeX Font Info:    Checking defaults for U/cmr/m/n on input line 12.
LaTeX Font Info:    ... okay on input line 12.
-------------------- Geometry parameters
paper: letterpaper
landscape: --
twocolumn: true
twoside: true
asymmetric: --
h-parts: 92.14519pt, 0.7\paperwidth , 92.14519pt (default)
v-parts: 95.39737pt, 0.7\paperheight , 143.09605pt (default)
hmarginratio: 1:1
vmarginratio: 2:3
lines: --
heightrounded: --
bindingoffset: 0.0pt
truedimen: --
includehead: --
includefoot: --
includemp: --
driver: pdftex
-------------------- Page layout dimensions and switches
\paperwidth  614.295pt
\paperheight 794.96999pt
\textwidth  504.0pt
\textheight 666.0pt
\oddsidemargin  -18.26999pt
\evensidemargin -18.26999pt
\topmargin  -55.26999pt
\headheight 12.0pt
\headsep    25.0pt
\footskip   30.0pt
\marginparwidth 0.0pt
\marginparsep   11.0pt
\columnsep  24.0pt
\skip\footins  8.1pt plus 4.0pt minus 2.0pt
\hoffset 0.0pt
\voffset 0.0pt
\mag 1000
\@twocolumntrue \@twosidetrue \@mparswitchtrue 
(1in=72.27pt, 1cm=28.45pt)
-----------------------

(/afs/cs.wisc.edu/s/tetex-3.0/i386_tao10/share/texmf/tex/context/base/supp-pdf.
tex
(/afs/cs.wisc.edu/s/tetex-3.0/i386_tao10/share/texmf/tex/context/base/supp-mis.
tex
loading : Context Support Macros / Miscellaneous (2004.10.26)
\protectiondepth=\count114
\scratchcounter=\count115
\scratchtoks=\toks40
\scratchdimen=\dimen128
\scratchskip=\skip44
\scratchmuskip=\muskip11
\scratchbox=\box32
\scratchread=\read1
\scratchwrite=\write3
\zeropoint=\dimen129
\onepoint=\dimen130
\onebasepoint=\dimen131
\minusone=\count116
\thousandpoint=\dimen132
\onerealpoint=\dimen133
\emptytoks=\toks41
\nextbox=\box33
\nextdepth=\dimen134
\everyline=\toks42
\!!counta=\count117
\!!countb=\count118
\recursecounter=\count119
)
loading : Context Support Macros / PDF (2004.03.26)
\nofMPsegments=\count120
\nofMParguments=\count121
\MPscratchCnt=\count122
\MPscratchDim=\dimen135
\MPnumerator=\count123
\everyMPtoPDFconversion=\toks43
)
LaTeX Font Info:    Try loading font information for U+msa on input line 26.

(/afs/cs.wisc.edu/s/tetex-3.0/i386_tao10/share/texmf/tex/latex/amsfonts/umsa.fd
File: umsa.fd 2002/01/19 v2.2g AMS font definitions
)
LaTeX Font Info:    Try loading font information for U+msb on input line 26.

(/afs/cs.wisc.edu/s/tetex-3.0/i386_tao10/share/texmf/tex/latex/amsfonts/umsb.fd
File: umsb.fd 2002/01/19 v2.2g AMS font definitions
)
LaTeX Font Info:    Try loading font information for U+lasy on input line 26.
 (/afs/cs.wisc.edu/s/tetex-3.0/i386_tao10/share/texmf/tex/latex/base/ulasy.fd
File: ulasy.fd 1998/08/17 v2.2e LaTeX symbol font definitions
)
Missing character: There is no ’ in font cmr9!
Missing character: There is no “ in font cmr9!
Missing character: There is no ” in font cmr9!

Overfull \hbox (1.61711pt too wide) in paragraph at lines 58--66
\OT1/cmr/m/n/9 count-ing pur-poses in en-ter-prises, sup-port-ing fi-nan-cial r
ecord-
 []

Missing character: There is no — in font cmr9!
Missing character: There is no — in font cmr9!
Missing character: There is no “ in font cmr9!
Missing character: There is no ” in font cmr9!

Overfull \hbox (9.45668pt too wide) in paragraph at lines 67--77
[]\OT1/cmr/m/n/9 Attitudes to-ward large databases have been chang-ing quickly
 []

Missing character: There is no “ in font cmr9!
Missing character: There is no ” in font cmr9!
Missing character: There is no “ in font cmr9!
Missing character: There is no ” in font cmr9!
Missing character: There is no “ in font cmr9!
Missing character: There is no ” in font cmr9!

Underfull \vbox (badness 6396) has occurred while \output is active []

 [1{/scratch/HOME_COPY/.texmf-var/fonts/map/pdftex/updmap/pdftex.map}


]
Missing character: There is no “ in font cmr9!
Missing character: There is no ” in font cmr9!

Overfull \hbox (4.84247pt too wide) in paragraph at lines 130--139
\OT1/cmr/m/n/9 MADlib web-site http://madlib.net. The ini-tial MADlib code-
 []

Missing character: There is no ’ in font cmr9!
Missing character: There is no “ in font cmr9!
Missing character: There is no ” in font cmr9!
Missing character: There is no “ in font cmr9!
Missing character: There is no ” in font cmr9!
[2]
Overfull \hbox (3.37099pt too wide) in paragraph at lines 299--300
\OT1/cmr/m/n/9 prod-ucts. Ex-am-ples in-clude the In-gres and Post-gres databas
e
 []

Missing character: There is no — in font cmr9!
Missing character: There is no — in font cmr9!

Overfull \hbox (6.20107pt too wide) in paragraph at lines 301--310
\OT1/cmr/m/n/9 Linux, OpenOf-ficeare in a di-rect sense clones of well-identifi
ed,
 []

Missing character: There is no — in font cmr9!
Missing character: There is no — in font cmr9!
Missing character: There is no “ in font cmr9!
Missing character: There is no ” in font cmr9!

Overfull \hbox (36.19104pt too wide) in paragraph at lines 359--369
[]\OT1/cmr/m/n/9 The core of tra-di-tional SQLS-E-LECT...FROM...WHERE...GROUP
 []


Overfull \hbox (6.39969pt too wide) in paragraph at lines 359--369
\OT1/cmr/m/n/9 meth-ods to be writ-ten en-tirely in straight-for-ward and porta
ble
 []

[3]
Underfull \vbox (badness 1558) has occurred while \output is active []


Overfull \hbox (6.50403pt too wide) in paragraph at lines 456--456
[]\secfnt MicroProgramming: Data Rep-re-sen-ta-tions
 []

[4]
Overfull \hbox (4.91032pt too wide) in paragraph at lines 479--480
[]\OT1/cmr/m/n/9 Our data set con-sists of sam-ples ac-cord-ing to this model. 

 []

Missing character: There is no “ in font cmr9!
Missing character: There is no ” in font cmr9!

Overfull \hbox (5.87708pt too wide) in paragraph at lines 495--496
[]\OT1/cmr/m/n/9 User-defined ag-gre-gates con-sist of a tran-si-tion func-
 []

Missing character: There is no “ in font cmr9!
Missing character: There is no ” in font cmr9!

Overfull \hbox (5.9145pt too wide) in paragraph at lines 504--505
[]\OT1/cmr/m/n/9 There are no per-for-mance dif-fer-ences be-tween Post-
 []


Overfull \hbox (81.29626pt too wide) in paragraph at lines 577--577
[]      \OT1/cmtt/m/n/9 sql> select MADlib.kmeans('data', 10, 1, 'testrun', 'MA
Dlib');[] 
 []


Overfull \hbox (19.87198pt too wide) in paragraph at lines 586--586
[]      \OT1/cmtt/m/n/9 INFO: Using full set for analysis... (100 points)[] 
 []


Overfull \hbox (166.34528pt too wide) in paragraph at lines 589--589
[]      \OT1/cmtt/m/n/9 INFO: Exit reason: fraction of reassigned nodes is smal
ler than the limit: 0.001[] 
 []


Overfull \hbox (29.32187pt too wide) in paragraph at lines 590--590
[]      \OT1/cmtt/m/n/9 INFO: Expanding cluster assignment to all points...[] 
 []


Overfull \hbox (81.29626pt too wide) in paragraph at lines 593--593
[]      \OT1/cmtt/m/n/9 -------------------------------------------------------
-------[] 
 []


Overfull \hbox (10.42209pt too wide) in paragraph at lines 603--603
[]       \OT1/cmtt/m/n/9 - analysis based on full data set (100 points)[] 
 []


Overfull \hbox (71.84637pt too wide) in paragraph at lines 604--604
[]       \OT1/cmtt/m/n/9 - generated 10 centroids (goodness of fit = 0.11419702
4061)[] 
 []


Overfull \hbox (19.87198pt too wide) in paragraph at lines 605--605
[]       \OT1/cmtt/m/n/9 - table: "madlib"."kmeans_out_centroids_testrun"[] 
 []


Overfull \hbox (5.69714pt too wide) in paragraph at lines 606--606
[]       \OT1/cmtt/m/n/9 - table: "madlib"."kmeans_out_points_testrun"[] 
 []


Overfull \hbox (16.2924pt too wide) in paragraph at lines 610--610
[]\secfnt RELATED WORK: ECOSYS-TEM OF SCAL-
 []

Missing character: There is no “ in font cmr9!
Missing character: There is no ” in font cmr9!
[5]
Missing character: There is no “ in font cmr9!
Missing character: There is no ’ in font cmr9!
Missing character: There is no ” in font cmr9!
Missing character: There is no “ in font cmr9!
Missing character: There is no ” in font cmr9!

Overfull \hbox (2.1426pt too wide) in paragraph at lines 637--643
[]\OT1/cmr/m/n/9 Expand the fol-low-ing from the user docs. For each method,
 []


LaTeX Warning: Citation `Rockafellar1996Convex' on page \thepage  undefined on 
input line 667.


LaTeX Warning: Reference `fig:xsquare' on page \thepage  undefined on input lin
e 670.

[6] <FIGS/x_square.pdf, id=53, 369.38pt x 221.82875pt>
File: FIGS/x_square.pdf Graphic file (type pdf)
 <use FIGS/x_square.pdf>
Overfull \hbox (5.43178pt too wide) in paragraph at lines 812--817
\OT1/cmr/m/n/9 They have sub-op-ti-mal run-time per-for-mance if ex-tremely
 []

[7 <./FIGS/x_square.pdf>]
Overfull \hbox (10.88013pt too wide) in paragraph at lines 818--827
[]\OT1/cmr/bx/n/9 Increasing Ro-bust-ness\OT1/cmr/m/n/9 . In its cur-rent ver-s
ion, MADlib
 []


Overfull \hbox (2.27626pt too wide) in paragraph at lines 818--827
\OT1/cmr/m/n/9 en-codes pa-ram-e-ters of the al-go-rithms (some-times called
 []


LaTeX Warning: Citation `crftutorial' on page \thepage  undefined on input line
 863.


LaTeX Warning: Reference `' on page \thepage  undefined on input line 876.


LaTeX Warning: Citation `viterbi' on page \thepage  undefined on input line 913
.


Overfull \hbox (1.85231pt too wide) in paragraph at lines 927--934
[]\OT1/cmr/bx/n/9 MCMC In-fer-ence: \OT1/cmr/m/n/9 Markov chain Monte Carlo (MC
MC)
 []


Overfull \hbox (7.26881pt too wide) in paragraph at lines 927--934
\OT1/cmr/m/n/9 MCMC meth-ods in database: Gibbs sam-pling and Metropolis-
 []


Underfull \hbox (badness 10000) in paragraph at lines 936--949

 []


Underfull \hbox (badness 10000) in paragraph at lines 936--949

 []


Overfull \hbox (7.48431pt too wide) in paragraph at lines 952--962
[]\OT1/cmr/bx/n/9 Approximate String Match-ing: \OT1/cmr/m/n/9 The ap-prox-i-ma
te string
 []

[8]
Overfull \hbox (12.60931pt too wide) in paragraph at lines 980--989
\OT1/cmr/m/n/9 ing mod-ules in MADLib, such as Naive Bayes and Sparse/Dense
 []


Overfull \hbox (2.29694pt too wide) in paragraph at lines 1004--1007
\OT1/cmr/m/n/9 y-sis In-ter-face (in-clud-ing key-word search and more ad-vance
d) 
 []

(./madlib_the_sql.bbl) [9] (./madlib_the_sql.aux)

LaTeX Warning: There were undefined references.

 ) 
Here is how much of TeX's memory you used:
 2462 strings out of 94500
 31469 string characters out of 1171061
 96459 words of memory out of 1000000
 5582 multiletter control sequences out of 10000+50000
 26268 words of font info for 68 fonts, out of 500000 for 2000
 580 hyphenation exceptions out of 1000
 39i,13n,26p,961b,251s stack positions out of 1500i,500n,5000p,200000b,5000s
PDF statistics:
 122 PDF objects out of 300000
 0 named destinations out of 131072
 6 words of extra memory for PDF output out of 65536
</afs/cs.wisc.edu/s/tetex-3.0/i386_tao10/share/texmf/fonts/type1/bluesky/cm/c
mti8.pfb></afs/cs.wisc.edu/s/tetex-3.0/i386_tao10/share/texmf/fonts/type1/blues
ky/cm/cmsy5.pfb></afs/cs.wisc.edu/s/tetex-3.0/i386_tao10/share/texmf/fonts/type
1/bluesky/symbols/msam10.pfb></afs/cs.wisc.edu/s/tetex-3.0/i386_tao10/share/tex
mf/fonts/type1/bluesky/cm/cmmi5.pfb></afs/cs.wisc.edu/s/tetex-3.0/i386_tao10/sh
are/texmf/fonts/type1/bluesky/cm/cmr7.pfb></afs/cs.wisc.edu/s/tetex-3.0/i386_ta
o10/share/texmf/fonts/type1/bluesky/cm/cmmi7.pfb></afs/cs.wisc.edu/s/tetex-3.0/
i386_tao10/share/texmf/fonts/type1/bluesky/cm/cmbx7.pfb></afs/cs.wisc.edu/s/tet
ex-3.0/i386_tao10/share/texmf/fonts/type1/bluesky/cm/cmsy8.pfb></afs/cs.wisc.ed
u/s/tetex-3.0/i386_tao10/share/texmf/fonts/type1/bluesky/cm/cmmi8.pfb></afs/cs.
wisc.edu/s/tetex-3.0/i386_tao10/share/texmf/fonts/type1/bluesky/cm/cmsy6.pfb></
afs/cs.wisc.edu/s/tetex-3.0/i386_tao10/share/texmf/fonts/type1/public/tt2001/fm
ex8.pfb></afs/cs.wisc.edu/s/tetex-3.0/i386_tao10/share/texmf/fonts/type1/bluesk
y/cm/cmr8.pfb></afs/cs.wisc.edu/s/tetex-3.0/i386_tao10/share/texmf/fonts/type1/
bluesky/cm/cmti9.pfb></afs/cs.wisc.edu/s/tetex-3.0/i386_tao10/share/texmf/fonts
/type1/public/tt2001/fmex9.pfb>{/afs/cs.wisc.edu/s/tetex-3.0/i386_tao10/share/t
exmf/fonts/enc/dvips/psnfss/8r.enc}</afs/cs.wisc.edu/s/tetex-3.0/i386_tao10/sha
re/texmf/fonts/type1/urw/times/utmri8a.pfb></afs/cs.wisc.edu/s/tetex-3.0/i386_t
ao10/share/texmf/fonts/type1/bluesky/cm/cmtt9.pfb></afs/cs.wisc.edu/s/tetex-3.0
/i386_tao10/share/texmf/fonts/type1/bluesky/cm/cmmi6.pfb></afs/cs.wisc.edu/s/te
tex-3.0/i386_tao10/share/texmf/fonts/type1/bluesky/cm/cmr6.pfb></afs/cs.wisc.ed
u/s/tetex-3.0/i386_tao10/share/texmf/fonts/type1/bluesky/cm/cmmi9.pfb></afs/cs.
wisc.edu/s/tetex-3.0/i386_tao10/share/texmf/fonts/type1/bluesky/cm/cmbx9.pfb></
afs/cs.wisc.edu/s/tetex-3.0/i386_tao10/share/texmf/fonts/type1/bluesky/cm/cmsy9
.pfb></afs/cs.wisc.edu/s/tetex-3.0/i386_tao10/share/texmf/fonts/type1/bluesky/c
m/cmr9.pfb></afs/cs.wisc.edu/s/tetex-3.0/i386_tao10/share/texmf/fonts/type1/urw
/times/utmb8a.pfb></afs/cs.wisc.edu/s/tetex-3.0/i386_tao10/share/texmf/fonts/ty
pe1/urw/helvetic/uhvr8a.pfb></afs/cs.wisc.edu/s/tetex-3.0/i386_tao10/share/texm
f/fonts/type1/urw/helvetic/uhvb8a.pfb>
Output written on madlib_the_sql.pdf (9 pages, 245893 bytes).
